2020-10-24 17:45:33.932  INFO 2233 --- [main] com.example.demo.SareetaApplication      : Starting SareetaApplication on users-MBP with PID 2233 (started by user in /Users/user/Hassan/Java Web Developer Nanodegree/005 Secutiry and DevOps/Lesson 6 Project eCommerce Application/ECommerce App)
2020-10-24 17:45:33.937  INFO 2233 --- [main] com.example.demo.SareetaApplication      : No active profile set, falling back to default profiles: default
2020-10-24 17:45:35.951  INFO 2233 --- [main] .s.d.r.c.RepositoryConfigurationDelegate : Bootstrapping Spring Data repositories in DEFAULT mode.
2020-10-24 17:45:36.153  INFO 2233 --- [main] .s.d.r.c.RepositoryConfigurationDelegate : Finished Spring Data repository scanning in 179ms. Found 4 repository interfaces.
2020-10-24 17:45:37.247  INFO 2233 --- [main] trationDelegate$BeanPostProcessorChecker : Bean 'org.springframework.transaction.annotation.ProxyTransactionManagementConfiguration' of type [org.springframework.transaction.annotation.ProxyTransactionManagementConfiguration$$EnhancerBySpringCGLIB$$5dcf691e] is not eligible for getting processed by all BeanPostProcessors (for example: not eligible for auto-proxying)
2020-10-24 17:45:37.773  INFO 2233 --- [main] o.s.b.w.embedded.tomcat.TomcatWebServer  : Tomcat initialized with port(s): 8080 (http)
2020-10-24 17:45:37.830  INFO 2233 --- [main] o.apache.catalina.core.StandardService   : Starting service [Tomcat]
2020-10-24 17:45:37.830  INFO 2233 --- [main] org.apache.catalina.core.StandardEngine  : Starting Servlet engine: [Apache Tomcat/9.0.19]
2020-10-24 17:45:38.053  INFO 2233 --- [main] o.a.c.c.C.[Tomcat].[localhost].[/]       : Initializing Spring embedded WebApplicationContext
2020-10-24 17:45:38.054  INFO 2233 --- [main] o.s.web.context.ContextLoader            : Root WebApplicationContext: initialization completed in 3846 ms
2020-10-24 17:45:38.399  INFO 2233 --- [main] com.zaxxer.hikari.HikariDataSource       : HikariPool-1 - Starting...
2020-10-24 17:45:38.713  INFO 2233 --- [main] com.zaxxer.hikari.HikariDataSource       : HikariPool-1 - Start completed.
2020-10-24 17:45:38.875  INFO 2233 --- [main] o.hibernate.jpa.internal.util.LogHelper  : HHH000204: Processing PersistenceUnitInfo [
	name: default
	...]
2020-10-24 17:45:39.002  INFO 2233 --- [main] org.hibernate.Version                    : HHH000412: Hibernate Core {5.3.10.Final}
2020-10-24 17:45:39.004  INFO 2233 --- [main] org.hibernate.cfg.Environment            : HHH000206: hibernate.properties not found
2020-10-24 17:45:39.279  INFO 2233 --- [main] o.hibernate.annotations.common.Version   : HCANN000001: Hibernate Commons Annotations {5.0.4.Final}
2020-10-24 17:45:39.490  INFO 2233 --- [main] org.hibernate.dialect.Dialect            : HHH000400: Using dialect: org.hibernate.dialect.H2Dialect
2020-10-24 17:45:41.252  INFO 2233 --- [main] j.LocalContainerEntityManagerFactoryBean : Initialized JPA EntityManagerFactory for persistence unit 'default'
2020-10-24 17:45:42.403  INFO 2233 --- [main] o.s.s.web.DefaultSecurityFilterChain     : Creating filter chain: any request, [org.springframework.security.web.context.request.async.WebAsyncManagerIntegrationFilter@1ab21633, org.springframework.security.web.context.SecurityContextPersistenceFilter@6719f206, org.springframework.security.web.header.HeaderWriterFilter@320ba79f, org.springframework.web.filter.CorsFilter@59aa1d1c, org.springframework.security.web.authentication.logout.LogoutFilter@40db6136, com.example.demo.security.JWTAuthenticationFilter@169d4aba, com.example.demo.security.JWTAuthenticationVerficationFilter@612bb755, org.springframework.security.web.savedrequest.RequestCacheAwareFilter@344a065a, org.springframework.security.web.servletapi.SecurityContextHolderAwareRequestFilter@2aeb7c4c, org.springframework.security.web.authentication.AnonymousAuthenticationFilter@6ba226cd, org.springframework.security.web.session.SessionManagementFilter@5ffdd510, org.springframework.security.web.access.ExceptionTranslationFilter@4205d5d0, org.springframework.security.web.access.intercept.FilterSecurityInterceptor@2314cd97]
2020-10-24 17:45:42.728  INFO 2233 --- [main] o.s.s.concurrent.ThreadPoolTaskExecutor  : Initializing ExecutorService 'applicationTaskExecutor'
2020-10-24 17:45:42.804  WARN 2233 --- [main] aWebConfiguration$JpaWebMvcConfiguration : spring.jpa.open-in-view is enabled by default. Therefore, database queries may be performed during view rendering. Explicitly configure spring.jpa.open-in-view to disable this warning
2020-10-24 17:45:43.225  INFO 2233 --- [main] o.s.b.w.embedded.tomcat.TomcatWebServer  : Tomcat started on port(s): 8080 (http) with context path ''
2020-10-24 17:45:43.230  INFO 2233 --- [main] com.example.demo.SareetaApplication      : Started SareetaApplication in 10.275 seconds (JVM running for 11.154)
2020-10-24 17:46:22.990  INFO 2233 --- [http-nio-8080-exec-1] o.a.c.c.C.[Tomcat].[localhost].[/]       : Initializing Spring DispatcherServlet 'dispatcherServlet'
2020-10-24 17:46:22.995  INFO 2233 --- [http-nio-8080-exec-1] o.s.web.servlet.DispatcherServlet        : Initializing Servlet 'dispatcherServlet'
2020-10-24 17:46:23.038  INFO 2233 --- [http-nio-8080-exec-1] o.s.web.servlet.DispatcherServlet        : Completed initialization in 42 ms
2020-10-24 17:46:24.200  INFO 2233 --- [http-nio-8080-exec-1] c.e.demo.controllers.UserController      : Started creating user
2020-10-24 17:46:24.201  INFO 2233 --- [http-nio-8080-exec-1] c.e.demo.controllers.UserController      : Initiated new user
2020-10-24 17:46:24.202  INFO 2233 --- [http-nio-8080-exec-1] c.e.demo.controllers.UserController      : Set the user name to : hassan1
2020-10-24 17:46:24.783  INFO 2233 --- [http-nio-8080-exec-1] c.e.demo.controllers.UserController      : Finished setting the password
2020-10-24 17:46:25.103  INFO 2233 --- [http-nio-8080-exec-1] c.e.demo.controllers.UserController      : Created a cart for the user
2020-10-24 17:46:25.151  INFO 2233 --- [http-nio-8080-exec-1] c.e.demo.controllers.UserController      : Finished saving the user
